This is pdfTeXk, Version 3.141592-1.40.3 (Web2C 7.5.6) (format=pdflatex 2007.3.10)  13 MAR 2007 12:53
entering extended mode
 %&-line parsing enabled.
**AppConnectorExample.tex
(./AppConnectorExample.tex
LaTeX2e <2005/12/01>
Babel <v3.8h> and hyphenation patterns for english, usenglishmax, dumylang, noh
yphenation, spanish, catalan, galician, loaded.
(/opt/texlive/2007/texmf-dist/tex/latex/base/article.cls
Document Class: article 2005/09/16 v1.4f Standard LaTeX document class
(/opt/texlive/2007/texmf-dist/tex/latex/base/size10.clo
File: size10.clo 2005/09/16 v1.4f Standard LaTeX file (size option)
)
\c@part=\count79
\c@section=\count80
\c@subsection=\count81
\c@subsubsection=\count82
\c@paragraph=\count83
\c@subparagraph=\count84
\c@figure=\count85
\c@table=\count86
\abovecaptionskip=\skip41
\belowcaptionskip=\skip42
\bibindent=\dimen102
)
(/opt/texlive/2007/texmf-dist/tex/latex/base/inputenc.sty
Package: inputenc 2006/05/05 v1.1b Input encoding file
\inpenc@prehook=\toks14
\inpenc@posthook=\toks15

(/opt/texlive/2007/texmf-dist/tex/latex/base/latin1.def
File: latin1.def 2006/05/05 v1.1b Input encoding file
))
(/opt/texlive/2007/texmf-dist/tex/latex/caption/caption.sty
Package: caption 2007/01/07 v3.0k Customising captions (AR)

(/opt/texlive/2007/texmf-dist/tex/latex/caption/caption3.sty
Package: caption3 2007/01/07 v3.0k caption3 kernel (AR)

(/opt/texlive/2007/texmf-dist/tex/latex/graphics/keyval.sty
Package: keyval 1999/03/16 v1.13 key=value parser (DPC)
\KV@toks@=\toks16
)
\captionmargin=\dimen103
\captionmarginx=\dimen104
\captionwidth=\dimen105
\captionindent=\dimen106
\captionparindent=\dimen107
\captionhangindent=\dimen108
))
(/opt/texlive/2007/texmf-dist/tex/latex/base/fontenc.sty
Package: fontenc 2005/09/27 v1.99g Standard LaTeX package

(/opt/texlive/2007/texmf-dist/tex/latex/base/t1enc.def
File: t1enc.def 2005/09/27 v1.99g Standard LaTeX file
LaTeX Font Info:    Redeclaring font encoding T1 on input line 43.
))
(/opt/texlive/2007/texmf-dist/tex/latex/graphics/graphicx.sty
Package: graphicx 1999/02/16 v1.0f Enhanced LaTeX Graphics (DPC,SPQR)

(/opt/texlive/2007/texmf-dist/tex/latex/graphics/graphics.sty
Package: graphics 2006/02/20 v1.0o Standard LaTeX Graphics (DPC,SPQR)

(/opt/texlive/2007/texmf-dist/tex/latex/graphics/trig.sty
Package: trig 1999/03/16 v1.09 sin cos tan (DPC)
)
(/opt/texlive/2007/texmf/tex/latex/config/graphics.cfg
File: graphics.cfg 2007/01/18 v1.5 graphics configuration of teTeX/TeXLive
)
Package graphics Info: Driver file: pdftex.def on input line 90.

(/opt/texlive/2007/texmf-dist/tex/latex/pdftex-def/pdftex.def
File: pdftex.def 2007/01/08 v0.04d Graphics/color for pdfTeX
\Gread@gobject=\count87
))
\Gin@req@height=\dimen109
\Gin@req@width=\dimen110
)
(/opt/texlive/2007/texmf-dist/tex/latex/hyperref/hyperref.sty
Package: hyperref 2007/02/07 v6.75r Hypertext links for LaTeX
\@linkdim=\dimen111
\Hy@linkcounter=\count88
\Hy@pagecounter=\count89

(/opt/texlive/2007/texmf-dist/tex/latex/hyperref/pd1enc.def
File: pd1enc.def 2007/02/07 v6.75r Hyperref: PDFDocEncoding definition (HO)
)
(/opt/texlive/2007/texmf/tex/latex/config/hyperref.cfg
File: hyperref.cfg 2002/06/06 v1.2 hyperref configuration of TeXLive
)
(/opt/texlive/2007/texmf-dist/tex/latex/oberdiek/kvoptions.sty
Package: kvoptions 2006/08/22 v2.4 Connects package keyval with LaTeX options (
HO)
)
Package hyperref Info: Option `colorlinks' set `true' on input line 2238.
Package hyperref Info: Hyper figures OFF on input line 2288.
Package hyperref Info: Link nesting OFF on input line 2293.
Package hyperref Info: Hyper index ON on input line 2296.
Package hyperref Info: Plain pages OFF on input line 2303.
Package hyperref Info: Backreferencing OFF on input line 2308.

Implicit mode ON; LaTeX internals redefined
Package hyperref Info: Bookmarks ON on input line 2444.
(/opt/texlive/2007/texmf/tex/latex/html/url.sty
Package: url 1999/03/02  ver 1.4  Verb mode for urls, email addresses, and file
 names
)
LaTeX Info: Redefining \url on input line 2599.
\Fld@menulength=\count90
\Field@Width=\dimen112
\Fld@charsize=\dimen113
\Choice@toks=\toks17
\Field@toks=\toks18
Package hyperref Info: Hyper figures OFF on input line 3102.
Package hyperref Info: Link nesting OFF on input line 3107.
Package hyperref Info: Hyper index ON on input line 3110.
Package hyperref Info: backreferencing OFF on input line 3117.
Package hyperref Info: Link coloring ON on input line 3120.
\Hy@abspage=\count91
\c@Item=\count92
\c@Hfootnote=\count93
)
*hyperref using driver hpdftex*
(/opt/texlive/2007/texmf-dist/tex/latex/hyperref/hpdftex.def
File: hpdftex.def 2007/02/07 v6.75r Hyperref driver for pdfTeX
\Fld@listcount=\count94
)
(./AppConnectorExample.aux (./introduction.aux) (./qt4dev.aux)
(./appconnectdev.aux) (./appconnectex.aux))
\openout1 = `AppConnectorExample.aux'.

LaTeX Font Info:    Checking defaults for OML/cmm/m/it on input line 14.
LaTeX Font Info:    ... okay on input line 14.
LaTeX Font Info:    Checking defaults for T1/cmr/m/n on input line 14.
LaTeX Font Info:    ... okay on input line 14.
LaTeX Font Info:    Checking defaults for OT1/cmr/m/n on input line 14.
LaTeX Font Info:    ... okay on input line 14.
LaTeX Font Info:    Checking defaults for OMS/cmsy/m/n on input line 14.
LaTeX Font Info:    ... okay on input line 14.
LaTeX Font Info:    Checking defaults for OMX/cmex/m/n on input line 14.
LaTeX Font Info:    ... okay on input line 14.
LaTeX Font Info:    Checking defaults for U/cmr/m/n on input line 14.
LaTeX Font Info:    ... okay on input line 14.
LaTeX Font Info:    Checking defaults for PD1/pdf/m/n on input line 14.
LaTeX Font Info:    ... okay on input line 14.

(/opt/texlive/2007/texmf-dist/tex/latex/ragged2e/ragged2e.sty
Package: ragged2e 2003/03/25 v2.04 ragged2e Package (MS)

(/opt/texlive/2007/texmf-dist/tex/latex/everysel/everysel.sty
Package: everysel 1999/06/08 v1.03 EverySelectfont Package (MS)
LaTeX Info: Redefining \selectfont on input line 125.
)
\CenteringLeftskip=\skip43
\RaggedLeftLeftskip=\skip44
\RaggedRightLeftskip=\skip45
\CenteringRightskip=\skip46
\RaggedLeftRightskip=\skip47
\RaggedRightRightskip=\skip48
\CenteringParfillskip=\skip49
\RaggedLeftParfillskip=\skip50
\RaggedRightParfillskip=\skip51
\JustifyingParfillskip=\skip52
\CenteringParindent=\skip53
\RaggedLeftParindent=\skip54
\RaggedRightParindent=\skip55
\JustifyingParindent=\skip56
)
Package caption Info: hyperref package v6.74m (or newer) detected on input line
 14.

(/opt/texlive/2007/texmf-dist/tex/context/base/supp-pdf.tex
[Loading MPS to PDF converter (version 2006.09.02).]
\scratchcounter=\count95
\scratchdimen=\dimen114
\scratchbox=\box26
\nofMPsegments=\count96
\nofMParguments=\count97
\MPscratchCnt=\count98
\MPscratchDim=\dimen115
\MPnumerator=\count99
\everyMPtoPDFconversion=\toks19
) (/opt/texlive/2007/texmf-dist/tex/latex/graphics/color.sty
Package: color 2005/11/14 v1.0j Standard LaTeX Color (DPC)

(/opt/texlive/2007/texmf/tex/latex/config/color.cfg
File: color.cfg 2007/01/18 v1.5 color configuration of teTeX/TeXLive
)
Package color Info: Driver file: pdftex.def on input line 130.
)
Package hyperref Info: Link coloring ON on input line 14.

(/opt/texlive/2007/texmf-dist/tex/latex/hyperref/nameref.sty
Package: nameref 2006/12/27 v2.28 Cross-referencing by name of section

(/opt/texlive/2007/texmf-dist/tex/latex/oberdiek/refcount.sty
Package: refcount 2006/02/20 v3.0 Data extraction from references (HO)
)
\c@section@level=\count100
)
LaTeX Info: Redefining \ref on input line 14.
LaTeX Info: Redefining \pageref on input line 14.

(./AppConnectorExample.out) (./AppConnectorExample.out)
\@outlinefile=\write3
\openout3 = `AppConnectorExample.out'.

LaTeX Font Info:    External font `cmex10' loaded for size
(Font)              <12> on input line 16.
LaTeX Font Info:    External font `cmex10' loaded for size
(Font)              <8> on input line 16.
LaTeX Font Info:    External font `cmex10' loaded for size
(Font)              <6> on input line 16.

(./AppConnectorExample.toc
LaTeX Font Info:    External font `cmex10' loaded for size
(Font)              <7> on input line 2.
LaTeX Font Info:    External font `cmex10' loaded for size
(Font)              <5> on input line 2.
)
\tf@toc=\write4
\openout4 = `AppConnectorExample.toc'.

 [1

{/opt/texlive/2007/texmf-var/fonts/map/pdftex/updmap/pdftex.map}]
\openout2 = `introduction.aux'.

 (./introduction.tex
LaTeX Font Info:    Try loading font information for T1+cmtt on input line 12.

(/opt/texlive/2007/texmf-dist/tex/latex/base/t1cmtt.fd
File: t1cmtt.fd 1999/05/25 v2.5h Standard LaTeX font definitions
) [2

]) [3]
\openout2 = `qt4dev.aux'.

 (./qt4dev.tex
Underfull \hbox (badness 10000) in paragraph at lines 3--7

 []


Underfull \hbox (badness 10000) in paragraph at lines 3--7

 []


Underfull \hbox (badness 10000) in paragraph at lines 3--7

 []


Underfull \hbox (badness 10000) in paragraph at lines 8--9

 []


Underfull \hbox (badness 10000) in paragraph at lines 25--26

 []

[4


]
Overfull \hbox (43.40515pt too wide) in paragraph at lines 100--100
[]        \T1/cmtt/m/n/10 //this layout arranges the object vertically, see Qt 
docs for more[] 
 []

[5]
Overfull \hbox (1.4154pt too wide) in paragraph at lines 100--100
[]    \T1/cmtt/m/n/10 //since it is defined within this object, use the this ke
yword[] 
 []


Overfull \hbox (48.65387pt too wide) in paragraph at lines 100--100
[]    \T1/cmtt/m/n/10 connect(button, SIGNAL(clicked()), this, SLOT(customButto
nCallback()));[] 
 []

) [6]
\openout2 = `appconnectdev.aux'.

 (./appconnectdev.tex
Underfull \hbox (badness 10000) in paragraph at lines 3--4

 []


Underfull \hbox (badness 10000) in paragraph at lines 16--18

 []


Underfull \hbox (badness 10000) in paragraph at lines 16--18

 []


Underfull \hbox (badness 10000) in paragraph at lines 19--21

 []


Underfull \hbox (badness 10000) in paragraph at lines 19--21

 []


Underfull \hbox (badness 10000) in paragraph at lines 19--21

 []


Underfull \hbox (badness 10000) in paragraph at lines 22--23

 []

[7


]
Overfull \hbox (1.4154pt too wide) in paragraph at lines 92--92
[]        \T1/cmtt/m/n/10 //read the data using the stream format (i.e. >> oper
ator)[] 
 []

[8]
Underfull \hbox (badness 10000) in paragraph at lines 94--96

 []


Underfull \hbox (badness 10000) in paragraph at lines 97--98

 []


Overfull \hbox (6.66412pt too wide) in paragraph at lines 151--151
[]    \T1/cmtt/m/n/10 //open the sockets and streams (error checking as been re
moved)[] 
 []

[9]
Overfull \hbox (1.4154pt too wide) in paragraph at lines 151--151
[]            \T1/cmtt/m/n/10 //change the value by 100, then write it to the o
utput[] 
 []


Overfull \hbox (11.91284pt too wide) in paragraph at lines 151--151
[]            \T1/cmtt/m/n/10 //modification of the d2box program in the task.c
pp file[] 
 []


Overfull \hbox (1.4154pt too wide) in paragraph at lines 151--151
[]            \T1/cmtt/m/n/10 //the ReadStates() function must be updated to in
clude[] 
 []

) [10]
\openout2 = `appconnectex.aux'.

 (./appconnectex.tex <appconnect.pdf, id=152, 268.00125pt x 885.3075pt>
File: appconnect.pdf Graphic file (type pdf)

<use appconnect.pdf>) [11


] [12 <./appconnect.pdf>] [13]
(./AppConnectorExample.aux (./introduction.aux) (./qt4dev.aux)
(./appconnectdev.aux) (./appconnectex.aux)) ) 
Here is how much of TeX's memory you used:
 3608 strings out of 95037
 51956 string characters out of 1182089
 103362 words of memory out of 1500000
 6698 multiletter control sequences out of 10000+50000
 12765 words of font info for 32 fonts, out of 1200000 for 2000
 54 hyphenation exceptions out of 8191
 35i,8n,38p,979b,438s stack positions out of 5000i,500n,6000p,200000b,5000s
{/opt/texlive/2007/texmf-dist/font
s/enc/dvips/cm-super/cm-super-t1.enc}</opt/texlive/2007/texmf-dist/fonts/type1/
bluesky/cm/cmsy10.pfb></opt/texlive/2007/texmf-dist/fonts/type1/public/cm-super
/sfbx1000.pfb></opt/texlive/2007/texmf-dist/fonts/type1/public/cm-super/sfbx120
0.pfb></opt/texlive/2007/texmf-dist/fonts/type1/public/cm-super/sfbx1440.pfb></
opt/texlive/2007/texmf-dist/fonts/type1/public/cm-super/sfrm1000.pfb></opt/texl
ive/2007/texmf-dist/fonts/type1/public/cm-super/sfrm1200.pfb></opt/texlive/2007
/texmf-dist/fonts/type1/public/cm-super/sfrm1728.pfb></opt/texlive/2007/texmf-d
ist/fonts/type1/public/cm-super/sfti1000.pfb></opt/texlive/2007/texmf-dist/font
s/type1/public/cm-super/sftt1000.pfb>
Output written on AppConnectorExample.pdf (13 pages, 228303 bytes).
PDF statistics:
 219 PDF objects out of 1000 (max. 8388607)
 37 named destinations out of 1000 (max. 131072)
 158 words of extra memory for PDF output out of 10000 (max. 10000000)

